\BOOKMARK [1][-]{section.1}{\376\377\000I\000n\000t\000r\000o\000d\000u\000c\000t\000i\000o\000n}{}% 1
\BOOKMARK [2][-]{subsection.1.1}{\376\377\000W\000h\000a\000t\000\040\000p\000r\000o\000b\000l\000e\000m\000\040\000d\000o\000e\000s\000\040\000t\000h\000i\000s\000\040\000p\000r\000o\000j\000e\000c\000t\000\040\000f\000o\000c\000u\000s\000\040\000o\000n\000?}{section.1}% 2
\BOOKMARK [2][-]{subsection.1.2}{\376\377\000W\000h\000y\000\040\000s\000h\000o\000u\000l\000d\000\040\000w\000e\000\040\000c\000a\000r\000e\000\040\000a\000b\000o\000u\000t\000\040\000t\000h\000i\000s\000\040\000p\000r\000o\000b\000l\000e\000m\000?}{section.1}% 3
\BOOKMARK [2][-]{subsection.1.3}{\376\377\000E\000n\000v\000i\000r\000o\000n\000m\000e\000n\000t\000\040\000S\000p\000e\000c\000i\000f\000i\000c\000a\000t\000i\000o\000n}{section.1}% 4
\BOOKMARK [2][-]{subsection.1.4}{\376\377\000S\000t\000a\000t\000e\000\040\000S\000p\000a\000c\000e}{section.1}% 5
\BOOKMARK [2][-]{subsection.1.5}{\376\377\000S\000t\000a\000t\000e\000\040\000S\000p\000a\000c\000e\000\040\000C\000a\000l\000c\000u\000l\000a\000t\000i\000o\000n}{section.1}% 6
\BOOKMARK [3][-]{subsubsection.1.5.1}{\376\377\000C\000a\000s\000e\000\040\0001\000:\000\040\000h\000a\000s\000F\000o\000o\000d\000\040\000=\000\040\000f\000a\000l\000s\000e}{subsection.1.5}% 7
\BOOKMARK [3][-]{subsubsection.1.5.2}{\376\377\000C\000a\000s\000e\000\040\0002\000:\000\040\000h\000a\000s\000F\000o\000o\000d\000\040\000=\000\040\000t\000r\000u\000e}{subsection.1.5}% 8
\BOOKMARK [3][-]{subsubsection.1.5.3}{\376\377\000T\000o\000t\000a\000l\000\040\000S\000t\000a\000t\000e\000\040\000S\000p\000a\000c\000e}{subsection.1.5}% 9
\BOOKMARK [2][-]{subsection.1.6}{\376\377\000A\000c\000t\000i\000o\000n\000\040\000S\000p\000a\000c\000e}{section.1}% 10
\BOOKMARK [2][-]{subsection.1.7}{\376\377\000R\000e\000w\000a\000r\000d\000\040\000F\000u\000n\000c\000t\000i\000o\000n}{section.1}% 11
\BOOKMARK [1][-]{section.2}{\376\377\000A\000p\000p\000r\000o\000a\000c\000h\000e\000s}{}% 12
\BOOKMARK [2][-]{subsection.2.1}{\376\377\000P\000r\000e\000v\000i\000o\000u\000s\000\040\000R\000e\000s\000e\000a\000r\000c\000h}{section.2}% 13
\BOOKMARK [2][-]{subsection.2.2}{\376\377\000C\000u\000s\000t\000o\000m\000\040\000e\000n\000v\000i\000r\000o\000n\000m\000e\000n\000t}{section.2}% 14
\BOOKMARK [2][-]{subsection.2.3}{\376\377\000A\000l\000g\000o\000r\000i\000t\000h\000m\000\040\000i\000m\000p\000l\000e\000m\000e\000n\000t\000a\000t\000i\000o\000n\000s\000\040\000\046\000\040\000j\000u\000s\000t\000i\000f\000i\000c\000a\000t\000i\000o\000n\000s}{section.2}% 15
\BOOKMARK [1][-]{section.3}{\376\377\000E\000m\000p\000i\000r\000i\000c\000a\000l\000\040\000S\000t\000u\000d\000i\000e\000s}{}% 16
\BOOKMARK [2][-]{subsection.3.1}{\376\377\000E\000x\000p\000e\000r\000i\000m\000e\000n\000t\000a\000l\000\040\000D\000e\000s\000i\000g\000n}{section.3}% 17
\BOOKMARK [2][-]{subsection.3.2}{\376\377\000C\000o\000m\000p\000a\000r\000a\000t\000i\000v\000e\000\040\000P\000e\000r\000f\000o\000r\000m\000a\000n\000c\000e\000\040\000o\000f\000\040\000A\000l\000g\000o\000r\000i\000t\000h\000m\000s}{section.3}% 18
\BOOKMARK [2][-]{subsection.3.3}{\376\377\000A\000n\000a\000l\000y\000s\000i\000s\000\040\000o\000f\000\040\000R\000e\000s\000u\000l\000t\000s}{section.3}% 19
\BOOKMARK [3][-]{subsubsection.3.3.1}{\376\377\000H\000y\000p\000e\000r\000p\000a\000r\000a\000m\000e\000t\000e\000r\000\040\000S\000e\000n\000s\000i\000t\000i\000v\000i\000t\000y}{subsection.3.3}% 20
\BOOKMARK [3][-]{subsubsection.3.3.2}{\376\377\000T\000i\000m\000e\000\040\000a\000n\000d\000\040\000S\000p\000a\000c\000e\000\040\000C\000o\000n\000s\000i\000d\000e\000r\000a\000t\000i\000o\000n\000s}{subsection.3.3}% 21
\BOOKMARK [2][-]{subsection.3.4}{\376\377\000I\000n\000t\000e\000r\000p\000r\000e\000t\000a\000t\000i\000o\000n\000.}{section.3}% 22
\BOOKMARK [1][-]{section.4}{\376\377\000C\000o\000n\000c\000l\000u\000s\000i\000o\000n\000s}{}% 23
